{"C:\\PROJETO-RAREGROOVE-3.0\\src\\utils\\disputeService.js": {"path":"C:\\PROJETO-RAREGROOVE-3.0\\src\\utils\\disputeService.js","statementMap":{"0":{"start":{"line":4,"column":26},"end":{"line":4,"column":95}},"1":{"start":{"line":5,"column":24},"end":{"line":5,"column":93}},"2":{"start":{"line":7,"column":37},"end":{"line":93,"column":1}},"3":{"start":{"line":8,"column":2},"end":{"line":92,"column":3}},"4":{"start":{"line":9,"column":23},"end":{"line":17,"column":5}},"5":{"start":{"line":18,"column":4},"end":{"line":24,"column":5}},"6":{"start":{"line":19,"column":6},"end":{"line":22,"column":9}},"7":{"start":{"line":23,"column":6},"end":{"line":23,"column":18}},"8":{"start":{"line":26,"column":20},"end":{"line":26,"column":36}},"9":{"start":{"line":27,"column":4},"end":{"line":33,"column":5}},"10":{"start":{"line":28,"column":6},"end":{"line":31,"column":9}},"11":{"start":{"line":32,"column":6},"end":{"line":32,"column":18}},"12":{"start":{"line":35,"column":31},"end":{"line":35,"column":60}},"13":{"start":{"line":36,"column":4},"end":{"line":39,"column":5}},"14":{"start":{"line":37,"column":6},"end":{"line":37,"column":65}},"15":{"start":{"line":38,"column":6},"end":{"line":38,"column":18}},"16":{"start":{"line":41,"column":20},"end":{"line":41,"column":71}},"17":{"start":{"line":42,"column":22},"end":{"line":42,"column":32}},"18":{"start":{"line":43,"column":21},"end":{"line":43,"column":88}},"19":{"start":{"line":45,"column":35},"end":{"line":50,"column":8}},"20":{"start":{"line":52,"column":4},"end":{"line":61,"column":5}},"21":{"start":{"line":53,"column":29},"end":{"line":53,"column":80}},"22":{"start":{"line":54,"column":6},"end":{"line":59,"column":9}},"23":{"start":{"line":60,"column":6},"end":{"line":60,"column":18}},"24":{"start":{"line":63,"column":46},"end":{"line":73,"column":15}},"25":{"start":{"line":75,"column":4},"end":{"line":82,"column":5}},"26":{"start":{"line":76,"column":6},"end":{"line":76,"column":73}},"27":{"start":{"line":77,"column":6},"end":{"line":80,"column":9}},"28":{"start":{"line":81,"column":6},"end":{"line":81,"column":18}},"29":{"start":{"line":84,"column":4},"end":{"line":84,"column":69}},"30":{"start":{"line":85,"column":4},"end":{"line":85,"column":15}},"31":{"start":{"line":87,"column":4},"end":{"line":90,"column":7}},"32":{"start":{"line":91,"column":4},"end":{"line":91,"column":16}}},"fnMap":{"0":{"name":"(anonymous_0)","decl":{"start":{"line":7,"column":37},"end":{"line":7,"column":42}},"loc":{"start":{"line":7,"column":68},"end":{"line":93,"column":1}},"line":7}},"branchMap":{"0":{"loc":{"start":{"line":18,"column":4},"end":{"line":24,"column":5}},"type":"if","locations":[{"start":{"line":18,"column":4},"end":{"line":24,"column":5}},{"start":{},"end":{}}],"line":18},"1":{"loc":{"start":{"line":27,"column":4},"end":{"line":33,"column":5}},"type":"if","locations":[{"start":{"line":27,"column":4},"end":{"line":33,"column":5}},{"start":{},"end":{}}],"line":27},"2":{"loc":{"start":{"line":36,"column":4},"end":{"line":39,"column":5}},"type":"if","locations":[{"start":{"line":36,"column":4},"end":{"line":39,"column":5}},{"start":{},"end":{}}],"line":36},"3":{"loc":{"start":{"line":41,"column":21},"end":{"line":41,"column":56}},"type":"binary-expr","locations":[{"start":{"line":41,"column":21},"end":{"line":41,"column":47}},{"start":{"line":41,"column":51},"end":{"line":41,"column":56}}],"line":41},"4":{"loc":{"start":{"line":52,"column":4},"end":{"line":61,"column":5}},"type":"if","locations":[{"start":{"line":52,"column":4},"end":{"line":61,"column":5}},{"start":{},"end":{}}],"line":52},"5":{"loc":{"start":{"line":53,"column":54},"end":{"line":53,"column":79}},"type":"binary-expr","locations":[{"start":{"line":53,"column":54},"end":{"line":53,"column":73}},{"start":{"line":53,"column":77},"end":{"line":53,"column":79}}],"line":53},"6":{"loc":{"start":{"line":55,"column":21},"end":{"line":57,"column":65}},"type":"cond-expr","locations":[{"start":{"line":56,"column":12},"end":{"line":56,"column":105}},{"start":{"line":57,"column":13},"end":{"line":57,"column":64}}],"line":55},"7":{"loc":{"start":{"line":57,"column":13},"end":{"line":57,"column":64}},"type":"binary-expr","locations":[{"start":{"line":57,"column":13},"end":{"line":57,"column":32}},{"start":{"line":57,"column":36},"end":{"line":57,"column":64}}],"line":57},"8":{"loc":{"start":{"line":75,"column":4},"end":{"line":82,"column":5}},"type":"if","locations":[{"start":{"line":75,"column":4},"end":{"line":82,"column":5}},{"start":{},"end":{}}],"line":75},"9":{"loc":{"start":{"line":78,"column":21},"end":{"line":78,"column":75}},"type":"binary-expr","locations":[{"start":{"line":78,"column":21},"end":{"line":78,"column":40}},{"start":{"line":78,"column":44},"end":{"line":78,"column":75}}],"line":78},"10":{"loc":{"start":{"line":88,"column":19},"end":{"line":88,"column":64}},"type":"binary-expr","locations":[{"start":{"line":88,"column":19},"end":{"line":88,"column":32}},{"start":{"line":88,"column":36},"end":{"line":88,"column":64}}],"line":88}},"s":{"0":1,"1":1,"2":1,"3":9,"4":9,"5":9,"6":1,"7":1,"8":8,"9":8,"10":1,"11":1,"12":7,"13":7,"14":1,"15":1,"16":6,"17":9,"18":9,"19":9,"20":6,"21":0,"22":0,"23":0,"24":6,"25":6,"26":1,"27":1,"28":1,"29":5,"30":5,"31":0,"32":0},"f":{"0":9},"b":{"0":[1,8],"1":[1,7],"2":[1,6],"3":[6,0],"4":[0,6],"5":[0,0],"6":[0,0],"7":[0,0],"8":[1,5],"9":[1,0],"10":[0,0]},"meta":{"lastBranch":11,"lastFunction":1,"lastStatement":33,"seen":{"s:4:26:4:95":0,"s:5:24:5:93":1,"s:7:37:93:1":2,"f:7:37:7:42":0,"s:8:2:92:3":3,"s:9:23:17:5":4,"b:18:4:24:5:undefined:undefined:undefined:undefined":0,"s:18:4:24:5":5,"s:19:6:22:9":6,"s:23:6:23:18":7,"s:26:20:26:36":8,"b:27:4:33:5:undefined:undefined:undefined:undefined":1,"s:27:4:33:5":9,"s:28:6:31:9":10,"s:32:6:32:18":11,"s:35:31:35:60":12,"b:36:4:39:5:undefined:undefined:undefined:undefined":2,"s:36:4:39:5":13,"s:37:6:37:65":14,"s:38:6:38:18":15,"s:41:20:41:71":16,"b:41:21:41:47:41:51:41:56":3,"s:42:22:42:32":17,"s:43:21:43:88":18,"s:45:35:50:8":19,"b:52:4:61:5:undefined:undefined:undefined:undefined":4,"s:52:4:61:5":20,"s:53:29:53:80":21,"b:53:54:53:73:53:77:53:79":5,"s:54:6:59:9":22,"b:56:12:56:105:57:13:57:64":6,"b:57:13:57:32:57:36:57:64":7,"s:60:6:60:18":23,"s:63:46:73:15":24,"b:75:4:82:5:undefined:undefined:undefined:undefined":8,"s:75:4:82:5":25,"s:76:6:76:73":26,"s:77:6:80:9":27,"b:78:21:78:40:78:44:78:75":9,"s:81:6:81:18":28,"s:84:4:84:69":29,"s:85:4:85:15":30,"s:87:4:90:7":31,"b:88:19:88:32:88:36:88:64":10,"s:91:4:91:16":32}}}
,"C:\\PROJETO-RAREGROOVE-3.0\\src\\utils\\security.js": {"path":"C:\\PROJETO-RAREGROOVE-3.0\\src\\utils\\security.js","statementMap":{"0":{"start":{"line":4,"column":27},"end":{"line":4,"column":28}},"1":{"start":{"line":5,"column":28},"end":{"line":5,"column":42}},"2":{"start":{"line":6,"column":29},"end":{"line":6,"column":47}},"3":{"start":{"line":7,"column":28},"end":{"line":7,"column":45}},"4":{"start":{"line":8,"column":35},"end":{"line":8,"column":59}},"5":{"start":{"line":14,"column":17},"end":{"line":14,"column":72}},"6":{"start":{"line":15,"column":23},"end":{"line":15,"column":78}},"7":{"start":{"line":16,"column":24},"end":{"line":16,"column":86}},"8":{"start":{"line":18,"column":2},"end":{"line":33,"column":null}},"9":{"start":{"line":19,"column":16},"end":{"line":19,"column":26}},"10":{"start":{"line":20,"column":4},"end":{"line":32,"column":null}},"11":{"start":{"line":21,"column":31},"end":{"line":21,"column":80}},"12":{"start":{"line":22,"column":6},"end":{"line":27,"column":null}},"13":{"start":{"line":30,"column":6},"end":{"line":30,"column":null}},"14":{"start":{"line":31,"column":6},"end":{"line":31,"column":null}},"15":{"start":{"line":35,"column":2},"end":{"line":47,"column":null}},"16":{"start":{"line":36,"column":16},"end":{"line":36,"column":26}},"17":{"start":{"line":37,"column":4},"end":{"line":46,"column":null}},"18":{"start":{"line":38,"column":31},"end":{"line":38,"column":80}},"19":{"start":{"line":39,"column":6},"end":{"line":43,"column":null}},"20":{"start":{"line":45,"column":6},"end":{"line":45,"column":null}},"21":{"start":{"line":49,"column":2},"end":{"line":49,"column":null}},"22":{"start":{"line":56,"column":17},"end":{"line":56,"column":72}},"23":{"start":{"line":57,"column":26},"end":{"line":57,"column":103}},"24":{"start":{"line":58,"column":2},"end":{"line":58,"column":null}},"25":{"start":{"line":60,"column":2},"end":{"line":69,"column":null}},"26":{"start":{"line":61,"column":24},"end":{"line":61,"column":56}},"27":{"start":{"line":62,"column":4},"end":{"line":62,"column":null}},"28":{"start":{"line":63,"column":4},"end":{"line":68,"column":null}},"29":{"start":{"line":71,"column":26},"end":{"line":71,"column":98}},"30":{"start":{"line":72,"column":24},"end":{"line":72,"column":59}},"31":{"start":{"line":73,"column":2},"end":{"line":73,"column":null}},"32":{"start":{"line":75,"column":2},"end":{"line":79,"column":null}},"33":{"start":{"line":86,"column":17},"end":{"line":86,"column":72}},"34":{"start":{"line":87,"column":2},"end":{"line":87,"column":null}},"35":{"start":{"line":88,"column":2},"end":{"line":88,"column":null}},"36":{"start":{"line":89,"column":2},"end":{"line":89,"column":null}},"37":{"start":{"line":96,"column":2},"end":{"line":99,"column":null}},"38":{"start":{"line":97,"column":4},"end":{"line":97,"column":null}},"39":{"start":{"line":98,"column":4},"end":{"line":98,"column":17}},"40":{"start":{"line":100,"column":2},"end":{"line":100,"column":14}},"41":{"start":{"line":104,"column":2},"end":{"line":104,"column":null}},"42":{"start":{"line":104,"column":29},"end":{"line":104,"column":48}},"43":{"start":{"line":108,"column":18},"end":{"line":108,"column":42}},"44":{"start":{"line":109,"column":2},"end":{"line":109,"column":null}},"45":{"start":{"line":109,"column":16},"end":{"line":109,"column":null}},"46":{"start":{"line":110,"column":18},"end":{"line":110,"column":38}},"47":{"start":{"line":111,"column":2},"end":{"line":111,"column":null}},"48":{"start":{"line":111,"column":23},"end":{"line":111,"column":null}},"49":{"start":{"line":112,"column":2},"end":{"line":112,"column":null}},"50":{"start":{"line":112,"column":23},"end":{"line":112,"column":null}},"51":{"start":{"line":113,"column":2},"end":{"line":113,"column":null}},"52":{"start":{"line":117,"column":2},"end":{"line":117,"column":null}}},"fnMap":{"0":{"name":"checkLoginLockout","decl":{"start":{"line":13,"column":16},"end":{"line":13,"column":33}},"loc":{"start":{"line":13,"column":51},"end":{"line":50,"column":null}},"line":13},"1":{"name":"recordFailedLogin","decl":{"start":{"line":55,"column":16},"end":{"line":55,"column":33}},"loc":{"start":{"line":55,"column":51},"end":{"line":80,"column":null}},"line":55},"2":{"name":"clearLoginAttempts","decl":{"start":{"line":85,"column":16},"end":{"line":85,"column":34}},"loc":{"start":{"line":85,"column":52},"end":{"line":90,"column":null}},"line":85},"3":{"name":"validateHoneyPot","decl":{"start":{"line":95,"column":16},"end":{"line":95,"column":32}},"loc":{"start":{"line":95,"column":40},"end":{"line":101,"column":null}},"line":95},"4":{"name":"validateDoubleHoneyPot","decl":{"start":{"line":103,"column":16},"end":{"line":103,"column":38}},"loc":{"start":{"line":103,"column":52},"end":{"line":105,"column":null}},"line":103},"5":{"name":"(anonymous_5)","decl":{"start":{"line":104,"column":22},"end":{"line":104,"column":23}},"loc":{"start":{"line":104,"column":29},"end":{"line":104,"column":48}},"line":104},"6":{"name":"validateFormTiming","decl":{"start":{"line":107,"column":16},"end":{"line":107,"column":34}},"loc":{"start":{"line":107,"column":95},"end":{"line":114,"column":null}},"line":107},"7":{"name":"normalizeIdentifier","decl":{"start":{"line":116,"column":9},"end":{"line":116,"column":28}},"loc":{"start":{"line":116,"column":36},"end":{"line":118,"column":null}},"line":116}},"branchMap":{"0":{"loc":{"start":{"line":13,"column":34},"end":{"line":13,"column":49}},"type":"default-arg","locations":[{"start":{"line":13,"column":47},"end":{"line":13,"column":49}}],"line":13},"1":{"loc":{"start":{"line":14,"column":17},"end":{"line":14,"column":72}},"type":"cond-expr","locations":[{"start":{"line":14,"column":30},"end":{"line":14,"column":67}},{"start":{"line":14,"column":70},"end":{"line":14,"column":72}}],"line":14},"2":{"loc":{"start":{"line":18,"column":2},"end":{"line":33,"column":null}},"type":"if","locations":[{"start":{"line":18,"column":2},"end":{"line":33,"column":null}},{"start":{},"end":{}}],"line":18},"3":{"loc":{"start":{"line":20,"column":4},"end":{"line":32,"column":null}},"type":"if","locations":[{"start":{"line":20,"column":4},"end":{"line":32,"column":null}},{"start":{"line":28,"column":11},"end":{"line":32,"column":null}}],"line":20},"4":{"loc":{"start":{"line":35,"column":2},"end":{"line":47,"column":null}},"type":"if","locations":[{"start":{"line":35,"column":2},"end":{"line":47,"column":null}},{"start":{},"end":{}}],"line":35},"5":{"loc":{"start":{"line":37,"column":4},"end":{"line":46,"column":null}},"type":"if","locations":[{"start":{"line":37,"column":4},"end":{"line":46,"column":null}},{"start":{"line":44,"column":11},"end":{"line":46,"column":null}}],"line":37},"6":{"loc":{"start":{"line":55,"column":34},"end":{"line":55,"column":49}},"type":"default-arg","locations":[{"start":{"line":55,"column":47},"end":{"line":55,"column":49}}],"line":55},"7":{"loc":{"start":{"line":56,"column":17},"end":{"line":56,"column":72}},"type":"cond-expr","locations":[{"start":{"line":56,"column":30},"end":{"line":56,"column":67}},{"start":{"line":56,"column":70},"end":{"line":56,"column":72}}],"line":56},"8":{"loc":{"start":{"line":57,"column":35},"end":{"line":57,"column":98}},"type":"binary-expr","locations":[{"start":{"line":57,"column":35},"end":{"line":57,"column":91}},{"start":{"line":57,"column":95},"end":{"line":57,"column":98}}],"line":57},"9":{"loc":{"start":{"line":60,"column":2},"end":{"line":69,"column":null}},"type":"if","locations":[{"start":{"line":60,"column":2},"end":{"line":69,"column":null}},{"start":{},"end":{}}],"line":60},"10":{"loc":{"start":{"line":85,"column":35},"end":{"line":85,"column":50}},"type":"default-arg","locations":[{"start":{"line":85,"column":48},"end":{"line":85,"column":50}}],"line":85},"11":{"loc":{"start":{"line":86,"column":17},"end":{"line":86,"column":72}},"type":"cond-expr","locations":[{"start":{"line":86,"column":30},"end":{"line":86,"column":67}},{"start":{"line":86,"column":70},"end":{"line":86,"column":72}}],"line":86},"12":{"loc":{"start":{"line":96,"column":2},"end":{"line":99,"column":null}},"type":"if","locations":[{"start":{"line":96,"column":2},"end":{"line":99,"column":null}},{"start":{},"end":{}}],"line":96},"13":{"loc":{"start":{"line":103,"column":39},"end":{"line":103,"column":50}},"type":"default-arg","locations":[{"start":{"line":103,"column":48},"end":{"line":103,"column":50}}],"line":103},"14":{"loc":{"start":{"line":107,"column":48},"end":{"line":107,"column":93}},"type":"default-arg","locations":[{"start":{"line":107,"column":91},"end":{"line":107,"column":93}}],"line":107},"15":{"loc":{"start":{"line":107,"column":50},"end":{"line":107,"column":62}},"type":"default-arg","locations":[{"start":{"line":107,"column":58},"end":{"line":107,"column":62}}],"line":107},"16":{"loc":{"start":{"line":107,"column":64},"end":{"line":107,"column":86}},"type":"default-arg","locations":[{"start":{"line":107,"column":72},"end":{"line":107,"column":86}}],"line":107},"17":{"loc":{"start":{"line":108,"column":25},"end":{"line":108,"column":41}},"type":"binary-expr","locations":[{"start":{"line":108,"column":25},"end":{"line":108,"column":36}},{"start":{"line":108,"column":40},"end":{"line":108,"column":41}}],"line":108},"18":{"loc":{"start":{"line":109,"column":2},"end":{"line":109,"column":null}},"type":"if","locations":[{"start":{"line":109,"column":2},"end":{"line":109,"column":null}},{"start":{},"end":{}}],"line":109},"19":{"loc":{"start":{"line":111,"column":2},"end":{"line":111,"column":null}},"type":"if","locations":[{"start":{"line":111,"column":2},"end":{"line":111,"column":null}},{"start":{},"end":{}}],"line":111},"20":{"loc":{"start":{"line":112,"column":2},"end":{"line":112,"column":null}},"type":"if","locations":[{"start":{"line":112,"column":2},"end":{"line":112,"column":null}},{"start":{},"end":{}}],"line":112},"21":{"loc":{"start":{"line":117,"column":16},"end":{"line":117,"column":27}},"type":"binary-expr","locations":[{"start":{"line":117,"column":16},"end":{"line":117,"column":21}},{"start":{"line":117,"column":25},"end":{"line":117,"column":27}}],"line":117}},"s":{"0":1,"1":1,"2":1,"3":1,"4":1,"5":5,"6":5,"7":5,"8":5,"9":3,"10":3,"11":2,"12":2,"13":1,"14":1,"15":3,"16":1,"17":1,"18":1,"19":1,"20":0,"21":2,"22":9,"23":9,"24":9,"25":9,"26":1,"27":1,"28":1,"29":8,"30":8,"31":8,"32":8,"33":2,"34":2,"35":2,"36":2,"37":3,"38":1,"39":1,"40":2,"41":0,"42":0,"43":6,"44":6,"45":1,"46":5,"47":5,"48":2,"49":3,"50":1,"51":2,"52":3},"f":{"0":5,"1":9,"2":2,"3":3,"4":0,"5":0,"6":6,"7":3},"b":{"0":[5],"1":[1,4],"2":[3,2],"3":[2,1],"4":[1,2],"5":[1,0],"6":[9],"7":[1,8],"8":[9,4],"9":[1,8],"10":[2],"11":[1,1],"12":[1,2],"13":[0],"14":[6],"15":[6],"16":[6],"17":[6,1],"18":[1,5],"19":[2,3],"20":[1,2],"21":[3,0]},"meta":{"lastBranch":22,"lastFunction":8,"lastStatement":53,"seen":{"s:4:27:4:28":0,"s:5:28:5:42":1,"s:6:29:6:47":2,"s:7:28:7:45":3,"s:8:35:8:59":4,"f:13:16:13:33":0,"b:13:47:13:49":0,"s:14:17:14:72":5,"b:14:30:14:67:14:70:14:72":1,"s:15:23:15:78":6,"s:16:24:16:86":7,"b:18:2:33:Infinity:undefined:undefined:undefined:undefined":2,"s:18:2:33:Infinity":8,"s:19:16:19:26":9,"b:20:4:32:Infinity:28:11:32:Infinity":3,"s:20:4:32:Infinity":10,"s:21:31:21:80":11,"s:22:6:27:Infinity":12,"s:30:6:30:Infinity":13,"s:31:6:31:Infinity":14,"b:35:2:47:Infinity:undefined:undefined:undefined:undefined":4,"s:35:2:47:Infinity":15,"s:36:16:36:26":16,"b:37:4:46:Infinity:44:11:46:Infinity":5,"s:37:4:46:Infinity":17,"s:38:31:38:80":18,"s:39:6:43:Infinity":19,"s:45:6:45:Infinity":20,"s:49:2:49:Infinity":21,"f:55:16:55:33":1,"b:55:47:55:49":6,"s:56:17:56:72":22,"b:56:30:56:67:56:70:56:72":7,"s:57:26:57:103":23,"b:57:35:57:91:57:95:57:98":8,"s:58:2:58:Infinity":24,"b:60:2:69:Infinity:undefined:undefined:undefined:undefined":9,"s:60:2:69:Infinity":25,"s:61:24:61:56":26,"s:62:4:62:Infinity":27,"s:63:4:68:Infinity":28,"s:71:26:71:98":29,"s:72:24:72:59":30,"s:73:2:73:Infinity":31,"s:75:2:79:Infinity":32,"f:85:16:85:34":2,"b:85:48:85:50":10,"s:86:17:86:72":33,"b:86:30:86:67:86:70:86:72":11,"s:87:2:87:Infinity":34,"s:88:2:88:Infinity":35,"s:89:2:89:Infinity":36,"f:95:16:95:32":3,"b:96:2:99:Infinity:undefined:undefined:undefined:undefined":12,"s:96:2:99:Infinity":37,"s:97:4:97:Infinity":38,"s:98:4:98:17":39,"s:100:2:100:14":40,"f:103:16:103:38":4,"b:103:48:103:50":13,"s:104:2:104:Infinity":41,"f:104:22:104:23":5,"s:104:29:104:48":42,"f:107:16:107:34":6,"b:107:91:107:93":14,"b:107:58:107:62":15,"b:107:72:107:86":16,"s:108:18:108:42":43,"b:108:25:108:36:108:40:108:41":17,"b:109:2:109:Infinity:undefined:undefined:undefined:undefined":18,"s:109:2:109:Infinity":44,"s:109:16:109:Infinity":45,"s:110:18:110:38":46,"b:111:2:111:Infinity:undefined:undefined:undefined:undefined":19,"s:111:2:111:Infinity":47,"s:111:23:111:Infinity":48,"b:112:2:112:Infinity:undefined:undefined:undefined:undefined":20,"s:112:2:112:Infinity":49,"s:112:23:112:Infinity":50,"s:113:2:113:Infinity":51,"f:116:9:116:28":7,"s:117:2:117:Infinity":52,"b:117:16:117:21:117:25:117:27":21}}}
,"C:\\PROJETO-RAREGROOVE-3.0\\src\\utils\\sensitiveDataMask.js": {"path":"C:\\PROJETO-RAREGROOVE-3.0\\src\\utils\\sensitiveDataMask.js","statementMap":{"0":{"start":{"line":3,"column":2},"end":{"line":3,"column":42}},"1":{"start":{"line":3,"column":15},"end":{"line":3,"column":42}},"2":{"start":{"line":5,"column":16},"end":{"line":5,"column":42}},"3":{"start":{"line":6,"column":2},"end":{"line":6,"column":51}},"4":{"start":{"line":6,"column":38},"end":{"line":6,"column":51}},"5":{"start":{"line":8,"column":34},"end":{"line":8,"column":50}},"6":{"start":{"line":9,"column":2},"end":{"line":9,"column":32}},"7":{"start":{"line":9,"column":19},"end":{"line":9,"column":32}},"8":{"start":{"line":11,"column":20},"end":{"line":13,"column":80}},"9":{"start":{"line":15,"column":23},"end":{"line":15,"column":44}},"10":{"start":{"line":16,"column":21},"end":{"line":16,"column":42}},"11":{"start":{"line":17,"column":23},"end":{"line":17,"column":63}},"12":{"start":{"line":18,"column":21},"end":{"line":20,"column":73}},"13":{"start":{"line":22,"column":2},"end":{"line":22,"column":54}},"14":{"start":{"line":26,"column":2},"end":{"line":26,"column":42}},"15":{"start":{"line":26,"column":15},"end":{"line":26,"column":42}},"16":{"start":{"line":28,"column":16},"end":{"line":28,"column":61}},"17":{"start":{"line":29,"column":2},"end":{"line":29,"column":47}},"18":{"start":{"line":29,"column":34},"end":{"line":29,"column":47}},"19":{"start":{"line":32,"column":2},"end":{"line":32,"column":62}},"20":{"start":{"line":36,"column":2},"end":{"line":36,"column":42}},"21":{"start":{"line":36,"column":15},"end":{"line":36,"column":42}},"22":{"start":{"line":38,"column":14},"end":{"line":38,"column":59}},"23":{"start":{"line":39,"column":2},"end":{"line":39,"column":46}},"24":{"start":{"line":39,"column":33},"end":{"line":39,"column":46}},"25":{"start":{"line":42,"column":2},"end":{"line":42,"column":40}},"26":{"start":{"line":46,"column":2},"end":{"line":46,"column":42}},"27":{"start":{"line":46,"column":15},"end":{"line":46,"column":42}},"28":{"start":{"line":48,"column":13},"end":{"line":48,"column":58}},"29":{"start":{"line":49,"column":2},"end":{"line":49,"column":41}},"30":{"start":{"line":49,"column":28},"end":{"line":49,"column":41}},"31":{"start":{"line":52,"column":2},"end":{"line":52,"column":36}},"32":{"start":{"line":56,"column":2},"end":{"line":56,"column":42}},"33":{"start":{"line":56,"column":15},"end":{"line":56,"column":42}},"34":{"start":{"line":58,"column":14},"end":{"line":58,"column":40}},"35":{"start":{"line":59,"column":2},"end":{"line":59,"column":25}},"36":{"start":{"line":59,"column":12},"end":{"line":59,"column":25}},"37":{"start":{"line":62,"column":2},"end":{"line":64,"column":3}},"38":{"start":{"line":63,"column":4},"end":{"line":63,"column":33}},"39":{"start":{"line":67,"column":2},"end":{"line":69,"column":3}},"40":{"start":{"line":68,"column":4},"end":{"line":68,"column":33}},"41":{"start":{"line":72,"column":2},"end":{"line":74,"column":3}},"42":{"start":{"line":73,"column":4},"end":{"line":73,"column":31}},"43":{"start":{"line":77,"column":2},"end":{"line":79,"column":3}},"44":{"start":{"line":78,"column":4},"end":{"line":78,"column":52}},"45":{"start":{"line":82,"column":2},"end":{"line":82,"column":15}},"46":{"start":{"line":86,"column":2},"end":{"line":86,"column":42}},"47":{"start":{"line":86,"column":15},"end":{"line":86,"column":42}},"48":{"start":{"line":88,"column":18},"end":{"line":88,"column":44}},"49":{"start":{"line":89,"column":2},"end":{"line":89,"column":29}},"50":{"start":{"line":89,"column":16},"end":{"line":89,"column":29}},"51":{"start":{"line":92,"column":16},"end":{"line":92,"column":34}},"52":{"start":{"line":93,"column":2},"end":{"line":95,"column":15}},"53":{"start":{"line":94,"column":17},"end":{"line":94,"column":109}},"54":{"start":{"line":99,"column":2},"end":{"line":99,"column":42}},"55":{"start":{"line":99,"column":15},"end":{"line":99,"column":42}},"56":{"start":{"line":101,"column":15},"end":{"line":101,"column":41}},"57":{"start":{"line":102,"column":2},"end":{"line":102,"column":26}},"58":{"start":{"line":102,"column":13},"end":{"line":102,"column":26}},"59":{"start":{"line":104,"column":16},"end":{"line":104,"column":47}},"60":{"start":{"line":105,"column":2},"end":{"line":108,"column":3}},"61":{"start":{"line":106,"column":18},"end":{"line":106,"column":26}},"62":{"start":{"line":107,"column":4},"end":{"line":107,"column":109}},"63":{"start":{"line":110,"column":2},"end":{"line":117,"column":15}},"64":{"start":{"line":112,"column":6},"end":{"line":114,"column":7}},"65":{"start":{"line":113,"column":8},"end":{"line":113,"column":109}},"66":{"start":{"line":115,"column":6},"end":{"line":115,"column":76}}},"fnMap":{"0":{"name":"maskEmail","decl":{"start":{"line":1,"column":16},"end":{"line":1,"column":25}},"loc":{"start":{"line":1,"column":50},"end":{"line":23,"column":1}},"line":1},"1":{"name":"maskPhone","decl":{"start":{"line":25,"column":16},"end":{"line":25,"column":25}},"loc":{"start":{"line":25,"column":50},"end":{"line":33,"column":1}},"line":25},"2":{"name":"maskCPF","decl":{"start":{"line":35,"column":16},"end":{"line":35,"column":23}},"loc":{"start":{"line":35,"column":48},"end":{"line":43,"column":1}},"line":35},"3":{"name":"maskRG","decl":{"start":{"line":45,"column":16},"end":{"line":45,"column":22}},"loc":{"start":{"line":45,"column":47},"end":{"line":53,"column":1}},"line":45},"4":{"name":"maskPixKey","decl":{"start":{"line":55,"column":16},"end":{"line":55,"column":26}},"loc":{"start":{"line":55,"column":51},"end":{"line":83,"column":1}},"line":55},"5":{"name":"maskAddress","decl":{"start":{"line":85,"column":16},"end":{"line":85,"column":27}},"loc":{"start":{"line":85,"column":52},"end":{"line":96,"column":1}},"line":85},"6":{"name":"(anonymous_6)","decl":{"start":{"line":94,"column":9},"end":{"line":94,"column":13}},"loc":{"start":{"line":94,"column":17},"end":{"line":94,"column":109}},"line":94},"7":{"name":"maskName","decl":{"start":{"line":98,"column":16},"end":{"line":98,"column":24}},"loc":{"start":{"line":98,"column":49},"end":{"line":118,"column":1}},"line":98},"8":{"name":"(anonymous_8)","decl":{"start":{"line":111,"column":9},"end":{"line":111,"column":10}},"loc":{"start":{"line":111,"column":26},"end":{"line":116,"column":5}},"line":111}},"branchMap":{"0":{"loc":{"start":{"line":1,"column":33},"end":{"line":1,"column":48}},"type":"default-arg","locations":[{"start":{"line":1,"column":43},"end":{"line":1,"column":48}}],"line":1},"1":{"loc":{"start":{"line":3,"column":2},"end":{"line":3,"column":42}},"type":"if","locations":[{"start":{"line":3,"column":2},"end":{"line":3,"column":42}},{"start":{},"end":{}}],"line":3},"2":{"loc":{"start":{"line":3,"column":29},"end":{"line":3,"column":40}},"type":"binary-expr","locations":[{"start":{"line":3,"column":29},"end":{"line":3,"column":34}},{"start":{"line":3,"column":38},"end":{"line":3,"column":40}}],"line":3},"3":{"loc":{"start":{"line":5,"column":23},"end":{"line":5,"column":34}},"type":"binary-expr","locations":[{"start":{"line":5,"column":23},"end":{"line":5,"column":28}},{"start":{"line":5,"column":32},"end":{"line":5,"column":34}}],"line":5},"4":{"loc":{"start":{"line":6,"column":2},"end":{"line":6,"column":51}},"type":"if","locations":[{"start":{"line":6,"column":2},"end":{"line":6,"column":51}},{"start":{},"end":{}}],"line":6},"5":{"loc":{"start":{"line":6,"column":6},"end":{"line":6,"column":36}},"type":"binary-expr","locations":[{"start":{"line":6,"column":6},"end":{"line":6,"column":12}},{"start":{"line":6,"column":16},"end":{"line":6,"column":36}}],"line":6},"6":{"loc":{"start":{"line":9,"column":2},"end":{"line":9,"column":32}},"type":"if","locations":[{"start":{"line":9,"column":2},"end":{"line":9,"column":32}},{"start":{},"end":{}}],"line":9},"7":{"loc":{"start":{"line":11,"column":20},"end":{"line":13,"column":80}},"type":"cond-expr","locations":[{"start":{"line":12,"column":6},"end":{"line":12,"column":31}},{"start":{"line":13,"column":6},"end":{"line":13,"column":80}}],"line":11},"8":{"loc":{"start":{"line":12,"column":9},"end":{"line":12,"column":28}},"type":"binary-expr","locations":[{"start":{"line":12,"column":9},"end":{"line":12,"column":21}},{"start":{"line":12,"column":25},"end":{"line":12,"column":28}}],"line":12},"9":{"loc":{"start":{"line":16,"column":21},"end":{"line":16,"column":42}},"type":"binary-expr","locations":[{"start":{"line":16,"column":21},"end":{"line":16,"column":36}},{"start":{"line":16,"column":40},"end":{"line":16,"column":42}}],"line":16},"10":{"loc":{"start":{"line":17,"column":23},"end":{"line":17,"column":63}},"type":"binary-expr","locations":[{"start":{"line":17,"column":23},"end":{"line":17,"column":54}},{"start":{"line":17,"column":58},"end":{"line":17,"column":63}}],"line":17},"11":{"loc":{"start":{"line":18,"column":21},"end":{"line":20,"column":73}},"type":"cond-expr","locations":[{"start":{"line":19,"column":6},"end":{"line":19,"column":9}},{"start":{"line":20,"column":6},"end":{"line":20,"column":73}}],"line":18},"12":{"loc":{"start":{"line":25,"column":33},"end":{"line":25,"column":48}},"type":"default-arg","locations":[{"start":{"line":25,"column":43},"end":{"line":25,"column":48}}],"line":25},"13":{"loc":{"start":{"line":26,"column":2},"end":{"line":26,"column":42}},"type":"if","locations":[{"start":{"line":26,"column":2},"end":{"line":26,"column":42}},{"start":{},"end":{}}],"line":26},"14":{"loc":{"start":{"line":26,"column":29},"end":{"line":26,"column":40}},"type":"binary-expr","locations":[{"start":{"line":26,"column":29},"end":{"line":26,"column":34}},{"start":{"line":26,"column":38},"end":{"line":26,"column":40}}],"line":26},"15":{"loc":{"start":{"line":28,"column":23},"end":{"line":28,"column":34}},"type":"binary-expr","locations":[{"start":{"line":28,"column":23},"end":{"line":28,"column":28}},{"start":{"line":28,"column":32},"end":{"line":28,"column":34}}],"line":28},"16":{"loc":{"start":{"line":29,"column":2},"end":{"line":29,"column":47}},"type":"if","locations":[{"start":{"line":29,"column":2},"end":{"line":29,"column":47}},{"start":{},"end":{}}],"line":29},"17":{"loc":{"start":{"line":29,"column":6},"end":{"line":29,"column":32}},"type":"binary-expr","locations":[{"start":{"line":29,"column":6},"end":{"line":29,"column":12}},{"start":{"line":29,"column":16},"end":{"line":29,"column":32}}],"line":29},"18":{"loc":{"start":{"line":35,"column":31},"end":{"line":35,"column":46}},"type":"default-arg","locations":[{"start":{"line":35,"column":41},"end":{"line":35,"column":46}}],"line":35},"19":{"loc":{"start":{"line":36,"column":2},"end":{"line":36,"column":42}},"type":"if","locations":[{"start":{"line":36,"column":2},"end":{"line":36,"column":42}},{"start":{},"end":{}}],"line":36},"20":{"loc":{"start":{"line":36,"column":29},"end":{"line":36,"column":40}},"type":"binary-expr","locations":[{"start":{"line":36,"column":29},"end":{"line":36,"column":34}},{"start":{"line":36,"column":38},"end":{"line":36,"column":40}}],"line":36},"21":{"loc":{"start":{"line":38,"column":21},"end":{"line":38,"column":32}},"type":"binary-expr","locations":[{"start":{"line":38,"column":21},"end":{"line":38,"column":26}},{"start":{"line":38,"column":30},"end":{"line":38,"column":32}}],"line":38},"22":{"loc":{"start":{"line":39,"column":2},"end":{"line":39,"column":46}},"type":"if","locations":[{"start":{"line":39,"column":2},"end":{"line":39,"column":46}},{"start":{},"end":{}}],"line":39},"23":{"loc":{"start":{"line":39,"column":6},"end":{"line":39,"column":31}},"type":"binary-expr","locations":[{"start":{"line":39,"column":6},"end":{"line":39,"column":10}},{"start":{"line":39,"column":14},"end":{"line":39,"column":31}}],"line":39},"24":{"loc":{"start":{"line":45,"column":30},"end":{"line":45,"column":45}},"type":"default-arg","locations":[{"start":{"line":45,"column":40},"end":{"line":45,"column":45}}],"line":45},"25":{"loc":{"start":{"line":46,"column":2},"end":{"line":46,"column":42}},"type":"if","locations":[{"start":{"line":46,"column":2},"end":{"line":46,"column":42}},{"start":{},"end":{}}],"line":46},"26":{"loc":{"start":{"line":46,"column":29},"end":{"line":46,"column":40}},"type":"binary-expr","locations":[{"start":{"line":46,"column":29},"end":{"line":46,"column":34}},{"start":{"line":46,"column":38},"end":{"line":46,"column":40}}],"line":46},"27":{"loc":{"start":{"line":48,"column":20},"end":{"line":48,"column":31}},"type":"binary-expr","locations":[{"start":{"line":48,"column":20},"end":{"line":48,"column":25}},{"start":{"line":48,"column":29},"end":{"line":48,"column":31}}],"line":48},"28":{"loc":{"start":{"line":49,"column":2},"end":{"line":49,"column":41}},"type":"if","locations":[{"start":{"line":49,"column":2},"end":{"line":49,"column":41}},{"start":{},"end":{}}],"line":49},"29":{"loc":{"start":{"line":49,"column":6},"end":{"line":49,"column":26}},"type":"binary-expr","locations":[{"start":{"line":49,"column":6},"end":{"line":49,"column":9}},{"start":{"line":49,"column":13},"end":{"line":49,"column":26}}],"line":49},"30":{"loc":{"start":{"line":55,"column":34},"end":{"line":55,"column":49}},"type":"default-arg","locations":[{"start":{"line":55,"column":44},"end":{"line":55,"column":49}}],"line":55},"31":{"loc":{"start":{"line":56,"column":2},"end":{"line":56,"column":42}},"type":"if","locations":[{"start":{"line":56,"column":2},"end":{"line":56,"column":42}},{"start":{},"end":{}}],"line":56},"32":{"loc":{"start":{"line":56,"column":29},"end":{"line":56,"column":40}},"type":"binary-expr","locations":[{"start":{"line":56,"column":29},"end":{"line":56,"column":34}},{"start":{"line":56,"column":38},"end":{"line":56,"column":40}}],"line":56},"33":{"loc":{"start":{"line":58,"column":21},"end":{"line":58,"column":32}},"type":"binary-expr","locations":[{"start":{"line":58,"column":21},"end":{"line":58,"column":26}},{"start":{"line":58,"column":30},"end":{"line":58,"column":32}}],"line":58},"34":{"loc":{"start":{"line":59,"column":2},"end":{"line":59,"column":25}},"type":"if","locations":[{"start":{"line":59,"column":2},"end":{"line":59,"column":25}},{"start":{},"end":{}}],"line":59},"35":{"loc":{"start":{"line":62,"column":2},"end":{"line":64,"column":3}},"type":"if","locations":[{"start":{"line":62,"column":2},"end":{"line":64,"column":3}},{"start":{},"end":{}}],"line":62},"36":{"loc":{"start":{"line":67,"column":2},"end":{"line":69,"column":3}},"type":"if","locations":[{"start":{"line":67,"column":2},"end":{"line":69,"column":3}},{"start":{},"end":{}}],"line":67},"37":{"loc":{"start":{"line":72,"column":2},"end":{"line":74,"column":3}},"type":"if","locations":[{"start":{"line":72,"column":2},"end":{"line":74,"column":3}},{"start":{},"end":{}}],"line":72},"38":{"loc":{"start":{"line":77,"column":2},"end":{"line":79,"column":3}},"type":"if","locations":[{"start":{"line":77,"column":2},"end":{"line":79,"column":3}},{"start":{},"end":{}}],"line":77},"39":{"loc":{"start":{"line":85,"column":35},"end":{"line":85,"column":50}},"type":"default-arg","locations":[{"start":{"line":85,"column":45},"end":{"line":85,"column":50}}],"line":85},"40":{"loc":{"start":{"line":86,"column":2},"end":{"line":86,"column":42}},"type":"if","locations":[{"start":{"line":86,"column":2},"end":{"line":86,"column":42}},{"start":{},"end":{}}],"line":86},"41":{"loc":{"start":{"line":86,"column":29},"end":{"line":86,"column":40}},"type":"binary-expr","locations":[{"start":{"line":86,"column":29},"end":{"line":86,"column":34}},{"start":{"line":86,"column":38},"end":{"line":86,"column":40}}],"line":86},"42":{"loc":{"start":{"line":88,"column":25},"end":{"line":88,"column":36}},"type":"binary-expr","locations":[{"start":{"line":88,"column":25},"end":{"line":88,"column":30}},{"start":{"line":88,"column":34},"end":{"line":88,"column":36}}],"line":88},"43":{"loc":{"start":{"line":89,"column":2},"end":{"line":89,"column":29}},"type":"if","locations":[{"start":{"line":89,"column":2},"end":{"line":89,"column":29}},{"start":{},"end":{}}],"line":89},"44":{"loc":{"start":{"line":94,"column":17},"end":{"line":94,"column":109}},"type":"cond-expr","locations":[{"start":{"line":94,"column":36},"end":{"line":94,"column":40}},{"start":{"line":94,"column":43},"end":{"line":94,"column":109}}],"line":94},"45":{"loc":{"start":{"line":98,"column":32},"end":{"line":98,"column":47}},"type":"default-arg","locations":[{"start":{"line":98,"column":42},"end":{"line":98,"column":47}}],"line":98},"46":{"loc":{"start":{"line":99,"column":2},"end":{"line":99,"column":42}},"type":"if","locations":[{"start":{"line":99,"column":2},"end":{"line":99,"column":42}},{"start":{},"end":{}}],"line":99},"47":{"loc":{"start":{"line":99,"column":29},"end":{"line":99,"column":40}},"type":"binary-expr","locations":[{"start":{"line":99,"column":29},"end":{"line":99,"column":34}},{"start":{"line":99,"column":38},"end":{"line":99,"column":40}}],"line":99},"48":{"loc":{"start":{"line":101,"column":22},"end":{"line":101,"column":33}},"type":"binary-expr","locations":[{"start":{"line":101,"column":22},"end":{"line":101,"column":27}},{"start":{"line":101,"column":31},"end":{"line":101,"column":33}}],"line":101},"49":{"loc":{"start":{"line":102,"column":2},"end":{"line":102,"column":26}},"type":"if","locations":[{"start":{"line":102,"column":2},"end":{"line":102,"column":26}},{"start":{},"end":{}}],"line":102},"50":{"loc":{"start":{"line":105,"column":2},"end":{"line":108,"column":3}},"type":"if","locations":[{"start":{"line":105,"column":2},"end":{"line":108,"column":3}},{"start":{},"end":{}}],"line":105},"51":{"loc":{"start":{"line":107,"column":11},"end":{"line":107,"column":108}},"type":"cond-expr","locations":[{"start":{"line":107,"column":31},"end":{"line":107,"column":52}},{"start":{"line":107,"column":55},"end":{"line":107,"column":108}}],"line":107},"52":{"loc":{"start":{"line":107,"column":34},"end":{"line":107,"column":49}},"type":"binary-expr","locations":[{"start":{"line":107,"column":34},"end":{"line":107,"column":42}},{"start":{"line":107,"column":46},"end":{"line":107,"column":49}}],"line":107},"53":{"loc":{"start":{"line":112,"column":6},"end":{"line":114,"column":7}},"type":"if","locations":[{"start":{"line":112,"column":6},"end":{"line":114,"column":7}},{"start":{},"end":{}}],"line":112},"54":{"loc":{"start":{"line":113,"column":15},"end":{"line":113,"column":108}},"type":"cond-expr","locations":[{"start":{"line":113,"column":34},"end":{"line":113,"column":54}},{"start":{"line":113,"column":57},"end":{"line":113,"column":108}}],"line":113},"55":{"loc":{"start":{"line":113,"column":37},"end":{"line":113,"column":51}},"type":"binary-expr","locations":[{"start":{"line":113,"column":37},"end":{"line":113,"column":44}},{"start":{"line":113,"column":48},"end":{"line":113,"column":51}}],"line":113},"56":{"loc":{"start":{"line":115,"column":16},"end":{"line":115,"column":30}},"type":"binary-expr","locations":[{"start":{"line":115,"column":16},"end":{"line":115,"column":23}},{"start":{"line":115,"column":27},"end":{"line":115,"column":30}}],"line":115}},"s":{"0":8,"1":1,"2":7,"3":8,"4":4,"5":3,"6":3,"7":0,"8":3,"9":8,"10":8,"11":8,"12":8,"13":8,"14":8,"15":1,"16":7,"17":8,"18":3,"19":4,"20":7,"21":1,"22":6,"23":7,"24":4,"25":2,"26":5,"27":1,"28":4,"29":5,"30":3,"31":1,"32":7,"33":1,"34":6,"35":7,"36":2,"37":4,"38":1,"39":3,"40":2,"41":1,"42":0,"43":1,"44":1,"45":0,"46":5,"47":1,"48":4,"49":5,"50":2,"51":2,"52":2,"53":6,"54":6,"55":1,"56":5,"57":6,"58":2,"59":3,"60":3,"61":2,"62":2,"63":1,"64":3,"65":1,"66":2},"f":{"0":8,"1":8,"2":7,"3":5,"4":7,"5":5,"6":6,"7":6,"8":3},"b":{"0":[8],"1":[1,7],"2":[1,0],"3":[7,3],"4":[4,4],"5":[8,4],"6":[0,3],"7":[1,2],"8":[1,0],"9":[8,0],"10":[8,0],"11":[0,3],"12":[8],"13":[1,7],"14":[1,0],"15":[7,2],"16":[3,5],"17":[8,5],"18":[7],"19":[1,6],"20":[1,0],"21":[6,2],"22":[4,3],"23":[7,4],"24":[5],"25":[1,4],"26":[1,0],"27":[4,2],"28":[3,2],"29":[5,2],"30":[7],"31":[1,6],"32":[1,0],"33":[6,2],"34":[2,5],"35":[1,3],"36":[2,1],"37":[0,1],"38":[1,0],"39":[5],"40":[1,4],"41":[1,0],"42":[4,2],"43":[2,3],"44":[1,5],"45":[6],"46":[1,5],"47":[1,0],"48":[5,2],"49":[2,4],"50":[2,1],"51":[1,1],"52":[1,0],"53":[1,2],"54":[0,1],"55":[0,0],"56":[2,0]},"meta":{"lastBranch":57,"lastFunction":9,"lastStatement":67,"seen":{"f:1:16:1:25":0,"b:1:43:1:48":0,"b:3:2:3:42:undefined:undefined:undefined:undefined":1,"s:3:2:3:42":0,"s:3:15:3:42":1,"b:3:29:3:34:3:38:3:40":2,"s:5:16:5:42":2,"b:5:23:5:28:5:32:5:34":3,"b:6:2:6:51:undefined:undefined:undefined:undefined":4,"s:6:2:6:51":3,"b:6:6:6:12:6:16:6:36":5,"s:6:38:6:51":4,"s:8:34:8:50":5,"b:9:2:9:32:undefined:undefined:undefined:undefined":6,"s:9:2:9:32":6,"s:9:19:9:32":7,"s:11:20:13:80":8,"b:12:6:12:31:13:6:13:80":7,"b:12:9:12:21:12:25:12:28":8,"s:15:23:15:44":9,"s:16:21:16:42":10,"b:16:21:16:36:16:40:16:42":9,"s:17:23:17:63":11,"b:17:23:17:54:17:58:17:63":10,"s:18:21:20:73":12,"b:19:6:19:9:20:6:20:73":11,"s:22:2:22:54":13,"f:25:16:25:25":1,"b:25:43:25:48":12,"b:26:2:26:42:undefined:undefined:undefined:undefined":13,"s:26:2:26:42":14,"s:26:15:26:42":15,"b:26:29:26:34:26:38:26:40":14,"s:28:16:28:61":16,"b:28:23:28:28:28:32:28:34":15,"b:29:2:29:47:undefined:undefined:undefined:undefined":16,"s:29:2:29:47":17,"b:29:6:29:12:29:16:29:32":17,"s:29:34:29:47":18,"s:32:2:32:62":19,"f:35:16:35:23":2,"b:35:41:35:46":18,"b:36:2:36:42:undefined:undefined:undefined:undefined":19,"s:36:2:36:42":20,"s:36:15:36:42":21,"b:36:29:36:34:36:38:36:40":20,"s:38:14:38:59":22,"b:38:21:38:26:38:30:38:32":21,"b:39:2:39:46:undefined:undefined:undefined:undefined":22,"s:39:2:39:46":23,"b:39:6:39:10:39:14:39:31":23,"s:39:33:39:46":24,"s:42:2:42:40":25,"f:45:16:45:22":3,"b:45:40:45:45":24,"b:46:2:46:42:undefined:undefined:undefined:undefined":25,"s:46:2:46:42":26,"s:46:15:46:42":27,"b:46:29:46:34:46:38:46:40":26,"s:48:13:48:58":28,"b:48:20:48:25:48:29:48:31":27,"b:49:2:49:41:undefined:undefined:undefined:undefined":28,"s:49:2:49:41":29,"b:49:6:49:9:49:13:49:26":29,"s:49:28:49:41":30,"s:52:2:52:36":31,"f:55:16:55:26":4,"b:55:44:55:49":30,"b:56:2:56:42:undefined:undefined:undefined:undefined":31,"s:56:2:56:42":32,"s:56:15:56:42":33,"b:56:29:56:34:56:38:56:40":32,"s:58:14:58:40":34,"b:58:21:58:26:58:30:58:32":33,"b:59:2:59:25:undefined:undefined:undefined:undefined":34,"s:59:2:59:25":35,"s:59:12:59:25":36,"b:62:2:64:3:undefined:undefined:undefined:undefined":35,"s:62:2:64:3":37,"s:63:4:63:33":38,"b:67:2:69:3:undefined:undefined:undefined:undefined":36,"s:67:2:69:3":39,"s:68:4:68:33":40,"b:72:2:74:3:undefined:undefined:undefined:undefined":37,"s:72:2:74:3":41,"s:73:4:73:31":42,"b:77:2:79:3:undefined:undefined:undefined:undefined":38,"s:77:2:79:3":43,"s:78:4:78:52":44,"s:82:2:82:15":45,"f:85:16:85:27":5,"b:85:45:85:50":39,"b:86:2:86:42:undefined:undefined:undefined:undefined":40,"s:86:2:86:42":46,"s:86:15:86:42":47,"b:86:29:86:34:86:38:86:40":41,"s:88:18:88:44":48,"b:88:25:88:30:88:34:88:36":42,"b:89:2:89:29:undefined:undefined:undefined:undefined":43,"s:89:2:89:29":49,"s:89:16:89:29":50,"s:92:16:92:34":51,"s:93:2:95:15":52,"f:94:9:94:13":6,"s:94:17:94:109":53,"b:94:36:94:40:94:43:94:109":44,"f:98:16:98:24":7,"b:98:42:98:47":45,"b:99:2:99:42:undefined:undefined:undefined:undefined":46,"s:99:2:99:42":54,"s:99:15:99:42":55,"b:99:29:99:34:99:38:99:40":47,"s:101:15:101:41":56,"b:101:22:101:27:101:31:101:33":48,"b:102:2:102:26:undefined:undefined:undefined:undefined":49,"s:102:2:102:26":57,"s:102:13:102:26":58,"s:104:16:104:47":59,"b:105:2:108:3:undefined:undefined:undefined:undefined":50,"s:105:2:108:3":60,"s:106:18:106:26":61,"s:107:4:107:109":62,"b:107:31:107:52:107:55:107:108":51,"b:107:34:107:42:107:46:107:49":52,"s:110:2:117:15":63,"f:111:9:111:10":8,"b:112:6:114:7:undefined:undefined:undefined:undefined":53,"s:112:6:114:7":64,"s:113:8:113:109":65,"b:113:34:113:54:113:57:113:108":54,"b:113:37:113:44:113:48:113:51":55,"s:115:6:115:76":66,"b:115:16:115:23:115:27:115:30":56}}}
,"C:\\PROJETO-RAREGROOVE-3.0\\src\\utils\\transactionService.js": {"path":"C:\\PROJETO-RAREGROOVE-3.0\\src\\utils\\transactionService.js","statementMap":{"0":{"start":{"line":12,"column":30},"end":{"line":162,"column":1}},"1":{"start":{"line":25,"column":2},"end":{"line":161,"column":3}},"2":{"start":{"line":27,"column":24},"end":{"line":27,"column":88}},"3":{"start":{"line":28,"column":26},"end":{"line":28,"column":51}},"4":{"start":{"line":29,"column":23},"end":{"line":29,"column":86}},"5":{"start":{"line":30,"column":24},"end":{"line":30,"column":93}},"6":{"start":{"line":31,"column":22},"end":{"line":31,"column":45}},"7":{"start":{"line":34,"column":63},"end":{"line":55,"column":15}},"8":{"start":{"line":57,"column":4},"end":{"line":57,"column":49}},"9":{"start":{"line":57,"column":26},"end":{"line":57,"column":49}},"10":{"start":{"line":60,"column":21},"end":{"line":60,"column":25}},"11":{"start":{"line":61,"column":4},"end":{"line":92,"column":5}},"12":{"start":{"line":62,"column":51},"end":{"line":82,"column":17}},"13":{"start":{"line":84,"column":6},"end":{"line":84,"column":37}},"14":{"start":{"line":84,"column":21},"end":{"line":84,"column":37}},"15":{"start":{"line":85,"column":6},"end":{"line":85,"column":40}},"16":{"start":{"line":88,"column":6},"end":{"line":91,"column":38}},"17":{"start":{"line":95,"column":33},"end":{"line":102,"column":23}},"18":{"start":{"line":104,"column":4},"end":{"line":104,"column":35}},"19":{"start":{"line":104,"column":19},"end":{"line":104,"column":35}},"20":{"start":{"line":107,"column":4},"end":{"line":107,"column":38}},"21":{"start":{"line":110,"column":36},"end":{"line":113,"column":6}},"22":{"start":{"line":115,"column":4},"end":{"line":129,"column":5}},"23":{"start":{"line":116,"column":6},"end":{"line":116,"column":71}},"24":{"start":{"line":118,"column":32},"end":{"line":122,"column":17}},"25":{"start":{"line":124,"column":25},"end":{"line":124,"column":68}},"26":{"start":{"line":125,"column":6},"end":{"line":128,"column":33}},"27":{"start":{"line":132,"column":4},"end":{"line":149,"column":9}},"28":{"start":{"line":151,"column":4},"end":{"line":157,"column":6}},"29":{"start":{"line":159,"column":4},"end":{"line":159,"column":57}},"30":{"start":{"line":160,"column":4},"end":{"line":160,"column":16}},"31":{"start":{"line":168,"column":34},"end":{"line":256,"column":1}},"32":{"start":{"line":174,"column":2},"end":{"line":255,"column":3}},"33":{"start":{"line":176,"column":49},"end":{"line":180,"column":15}},"34":{"start":{"line":182,"column":4},"end":{"line":182,"column":71}},"35":{"start":{"line":182,"column":32},"end":{"line":182,"column":71}},"36":{"start":{"line":184,"column":4},"end":{"line":186,"column":5}},"37":{"start":{"line":185,"column":6},"end":{"line":185,"column":61}},"38":{"start":{"line":189,"column":20},"end":{"line":189,"column":49}},"39":{"start":{"line":190,"column":23},"end":{"line":192,"column":38}},"40":{"start":{"line":195,"column":35},"end":{"line":198,"column":28}},"41":{"start":{"line":200,"column":4},"end":{"line":200,"column":39}},"42":{"start":{"line":200,"column":21},"end":{"line":200,"column":39}},"43":{"start":{"line":203,"column":4},"end":{"line":203,"column":36}},"44":{"start":{"line":205,"column":4},"end":{"line":208,"column":7}},"45":{"start":{"line":211,"column":4},"end":{"line":225,"column":9}},"46":{"start":{"line":228,"column":34},"end":{"line":232,"column":15}},"47":{"start":{"line":234,"column":4},"end":{"line":245,"column":5}},"48":{"start":{"line":235,"column":6},"end":{"line":238,"column":31}},"49":{"start":{"line":240,"column":6},"end":{"line":244,"column":8}},"50":{"start":{"line":247,"column":4},"end":{"line":251,"column":6}},"51":{"start":{"line":253,"column":4},"end":{"line":253,"column":60}},"52":{"start":{"line":254,"column":4},"end":{"line":254,"column":16}},"53":{"start":{"line":261,"column":33},"end":{"line":284,"column":1}},"54":{"start":{"line":262,"column":2},"end":{"line":283,"column":3}},"55":{"start":{"line":263,"column":28},"end":{"line":267,"column":15}},"56":{"start":{"line":269,"column":4},"end":{"line":279,"column":5}},"57":{"start":{"line":270,"column":6},"end":{"line":278,"column":11}},"58":{"start":{"line":282,"column":4},"end":{"line":282,"column":78}},"59":{"start":{"line":290,"column":28},"end":{"line":322,"column":1}},"60":{"start":{"line":291,"column":2},"end":{"line":321,"column":3}},"61":{"start":{"line":295,"column":28},"end":{"line":300,"column":15}},"62":{"start":{"line":302,"column":4},"end":{"line":302,"column":27}},"63":{"start":{"line":302,"column":15},"end":{"line":302,"column":27}},"64":{"start":{"line":305,"column":4},"end":{"line":315,"column":9}},"65":{"start":{"line":317,"column":4},"end":{"line":317,"column":16}},"66":{"start":{"line":319,"column":4},"end":{"line":319,"column":53}},"67":{"start":{"line":320,"column":4},"end":{"line":320,"column":16}},"68":{"start":{"line":327,"column":33},"end":{"line":392,"column":1}},"69":{"start":{"line":328,"column":2},"end":{"line":391,"column":3}},"70":{"start":{"line":329,"column":53},"end":{"line":333,"column":15}},"71":{"start":{"line":335,"column":4},"end":{"line":335,"column":37}},"72":{"start":{"line":335,"column":20},"end":{"line":335,"column":37}},"73":{"start":{"line":338,"column":4},"end":{"line":341,"column":31}},"74":{"start":{"line":344,"column":4},"end":{"line":347,"column":37}},"75":{"start":{"line":350,"column":35},"end":{"line":353,"column":6}},"76":{"start":{"line":355,"column":4},"end":{"line":369,"column":5}},"77":{"start":{"line":356,"column":6},"end":{"line":356,"column":70}},"78":{"start":{"line":358,"column":32},"end":{"line":362,"column":17}},"79":{"start":{"line":364,"column":25},"end":{"line":364,"column":94}},"80":{"start":{"line":365,"column":6},"end":{"line":368,"column":46}},"81":{"start":{"line":372,"column":4},"end":{"line":385,"column":9}},"82":{"start":{"line":387,"column":4},"end":{"line":387,"column":29}},"83":{"start":{"line":389,"column":4},"end":{"line":389,"column":56}},"84":{"start":{"line":390,"column":4},"end":{"line":390,"column":16}}},"fnMap":{"0":{"name":"(anonymous_0)","decl":{"start":{"line":12,"column":30},"end":{"line":12,"column":35}},"loc":{"start":{"line":24,"column":6},"end":{"line":162,"column":1}},"line":24},"1":{"name":"(anonymous_1)","decl":{"start":{"line":168,"column":34},"end":{"line":168,"column":39}},"loc":{"start":{"line":173,"column":6},"end":{"line":256,"column":1}},"line":173},"2":{"name":"(anonymous_2)","decl":{"start":{"line":261,"column":33},"end":{"line":261,"column":38}},"loc":{"start":{"line":261,"column":51},"end":{"line":284,"column":1}},"line":261},"3":{"name":"(anonymous_3)","decl":{"start":{"line":290,"column":28},"end":{"line":290,"column":33}},"loc":{"start":{"line":290,"column":46},"end":{"line":322,"column":1}},"line":290},"4":{"name":"(anonymous_4)","decl":{"start":{"line":327,"column":33},"end":{"line":327,"column":38}},"loc":{"start":{"line":327,"column":66},"end":{"line":392,"column":1}},"line":327}},"branchMap":{"0":{"loc":{"start":{"line":28,"column":26},"end":{"line":28,"column":51}},"type":"binary-expr","locations":[{"start":{"line":28,"column":26},"end":{"line":28,"column":44}},{"start":{"line":28,"column":48},"end":{"line":28,"column":51}}],"line":28},"1":{"loc":{"start":{"line":57,"column":4},"end":{"line":57,"column":49}},"type":"if","locations":[{"start":{"line":57,"column":4},"end":{"line":57,"column":49}},{"start":{},"end":{}}],"line":57},"2":{"loc":{"start":{"line":61,"column":4},"end":{"line":92,"column":5}},"type":"if","locations":[{"start":{"line":61,"column":4},"end":{"line":92,"column":5}},{"start":{},"end":{}}],"line":61},"3":{"loc":{"start":{"line":71,"column":26},"end":{"line":71,"column":56}},"type":"binary-expr","locations":[{"start":{"line":71,"column":26},"end":{"line":71,"column":50}},{"start":{"line":71,"column":54},"end":{"line":71,"column":56}}],"line":71},"4":{"loc":{"start":{"line":73,"column":24},"end":{"line":73,"column":52}},"type":"binary-expr","locations":[{"start":{"line":73,"column":24},"end":{"line":73,"column":46}},{"start":{"line":73,"column":50},"end":{"line":73,"column":52}}],"line":73},"5":{"loc":{"start":{"line":77,"column":21},"end":{"line":77,"column":55}},"type":"binary-expr","locations":[{"start":{"line":77,"column":21},"end":{"line":77,"column":41}},{"start":{"line":77,"column":45},"end":{"line":77,"column":55}}],"line":77},"6":{"loc":{"start":{"line":84,"column":6},"end":{"line":84,"column":37}},"type":"if","locations":[{"start":{"line":84,"column":6},"end":{"line":84,"column":37}},{"start":{},"end":{}}],"line":84},"7":{"loc":{"start":{"line":104,"column":4},"end":{"line":104,"column":35}},"type":"if","locations":[{"start":{"line":104,"column":4},"end":{"line":104,"column":35}},{"start":{},"end":{}}],"line":104},"8":{"loc":{"start":{"line":115,"column":4},"end":{"line":129,"column":5}},"type":"if","locations":[{"start":{"line":115,"column":4},"end":{"line":129,"column":5}},{"start":{},"end":{}}],"line":115},"9":{"loc":{"start":{"line":124,"column":26},"end":{"line":124,"column":55}},"type":"binary-expr","locations":[{"start":{"line":124,"column":26},"end":{"line":124,"column":50}},{"start":{"line":124,"column":54},"end":{"line":124,"column":55}}],"line":124},"10":{"loc":{"start":{"line":182,"column":4},"end":{"line":182,"column":71}},"type":"if","locations":[{"start":{"line":182,"column":4},"end":{"line":182,"column":71}},{"start":{},"end":{}}],"line":182},"11":{"loc":{"start":{"line":182,"column":8},"end":{"line":182,"column":30}},"type":"binary-expr","locations":[{"start":{"line":182,"column":8},"end":{"line":182,"column":17}},{"start":{"line":182,"column":21},"end":{"line":182,"column":30}}],"line":182},"12":{"loc":{"start":{"line":184,"column":4},"end":{"line":186,"column":5}},"type":"if","locations":[{"start":{"line":184,"column":4},"end":{"line":186,"column":5}},{"start":{},"end":{}}],"line":184},"13":{"loc":{"start":{"line":190,"column":23},"end":{"line":192,"column":38}},"type":"cond-expr","locations":[{"start":{"line":191,"column":8},"end":{"line":191,"column":38}},{"start":{"line":192,"column":8},"end":{"line":192,"column":38}}],"line":190},"14":{"loc":{"start":{"line":200,"column":4},"end":{"line":200,"column":39}},"type":"if","locations":[{"start":{"line":200,"column":4},"end":{"line":200,"column":39}},{"start":{},"end":{}}],"line":200},"15":{"loc":{"start":{"line":234,"column":4},"end":{"line":245,"column":5}},"type":"if","locations":[{"start":{"line":234,"column":4},"end":{"line":245,"column":5}},{"start":{},"end":{}}],"line":234},"16":{"loc":{"start":{"line":234,"column":8},"end":{"line":234,"column":76}},"type":"binary-expr","locations":[{"start":{"line":234,"column":8},"end":{"line":234,"column":40}},{"start":{"line":234,"column":44},"end":{"line":234,"column":76}}],"line":234},"17":{"loc":{"start":{"line":269,"column":4},"end":{"line":279,"column":5}},"type":"if","locations":[{"start":{"line":269,"column":4},"end":{"line":279,"column":5}},{"start":{},"end":{}}],"line":269},"18":{"loc":{"start":{"line":302,"column":4},"end":{"line":302,"column":27}},"type":"if","locations":[{"start":{"line":302,"column":4},"end":{"line":302,"column":27}},{"start":{},"end":{}}],"line":302},"19":{"loc":{"start":{"line":335,"column":4},"end":{"line":335,"column":37}},"type":"if","locations":[{"start":{"line":335,"column":4},"end":{"line":335,"column":37}},{"start":{},"end":{}}],"line":335},"20":{"loc":{"start":{"line":355,"column":4},"end":{"line":369,"column":5}},"type":"if","locations":[{"start":{"line":355,"column":4},"end":{"line":369,"column":5}},{"start":{},"end":{}}],"line":355},"21":{"loc":{"start":{"line":364,"column":38},"end":{"line":364,"column":67}},"type":"binary-expr","locations":[{"start":{"line":364,"column":38},"end":{"line":364,"column":62}},{"start":{"line":364,"column":66},"end":{"line":364,"column":67}}],"line":364}},"s":{"0":1,"1":0,"2":0,"3":0,"4":0,"5":0,"6":0,"7":0,"8":0,"9":0,"10":0,"11":0,"12":0,"13":0,"14":0,"15":0,"16":0,"17":0,"18":0,"19":0,"20":0,"21":0,"22":0,"23":0,"24":0,"25":0,"26":0,"27":0,"28":0,"29":0,"30":0,"31":1,"32":0,"33":0,"34":0,"35":0,"36":0,"37":0,"38":0,"39":0,"40":0,"41":0,"42":0,"43":0,"44":0,"45":0,"46":0,"47":0,"48":0,"49":0,"50":0,"51":0,"52":0,"53":1,"54":3,"55":3,"56":3,"57":1,"58":0,"59":1,"60":0,"61":0,"62":0,"63":0,"64":0,"65":0,"66":0,"67":0,"68":1,"69":0,"70":0,"71":0,"72":0,"73":0,"74":0,"75":0,"76":0,"77":0,"78":0,"79":0,"80":0,"81":0,"82":0,"83":0,"84":0},"f":{"0":0,"1":0,"2":3,"3":0,"4":0},"b":{"0":[0,0],"1":[0,0],"2":[0,0],"3":[0,0],"4":[0,0],"5":[0,0],"6":[0,0],"7":[0,0],"8":[0,0],"9":[0,0],"10":[0,0],"11":[0,0],"12":[0,0],"13":[0,0],"14":[0,0],"15":[0,0],"16":[0,0],"17":[1,2],"18":[0,0],"19":[0,0],"20":[0,0],"21":[0,0]},"meta":{"lastBranch":22,"lastFunction":5,"lastStatement":85,"seen":{"s:12:30:162:1":0,"f:12:30:12:35":0,"s:25:2:161:3":1,"s:27:24:27:88":2,"s:28:26:28:51":3,"b:28:26:28:44:28:48:28:51":0,"s:29:23:29:86":4,"s:30:24:30:93":5,"s:31:22:31:45":6,"s:34:63:55:15":7,"b:57:4:57:49:undefined:undefined:undefined:undefined":1,"s:57:4:57:49":8,"s:57:26:57:49":9,"s:60:21:60:25":10,"b:61:4:92:5:undefined:undefined:undefined:undefined":2,"s:61:4:92:5":11,"s:62:51:82:17":12,"b:71:26:71:50:71:54:71:56":3,"b:73:24:73:46:73:50:73:52":4,"b:77:21:77:41:77:45:77:55":5,"b:84:6:84:37:undefined:undefined:undefined:undefined":6,"s:84:6:84:37":13,"s:84:21:84:37":14,"s:85:6:85:40":15,"s:88:6:91:38":16,"s:95:33:102:23":17,"b:104:4:104:35:undefined:undefined:undefined:undefined":7,"s:104:4:104:35":18,"s:104:19:104:35":19,"s:107:4:107:38":20,"s:110:36:113:6":21,"b:115:4:129:5:undefined:undefined:undefined:undefined":8,"s:115:4:129:5":22,"s:116:6:116:71":23,"s:118:32:122:17":24,"s:124:25:124:68":25,"b:124:26:124:50:124:54:124:55":9,"s:125:6:128:33":26,"s:132:4:149:9":27,"s:151:4:157:6":28,"s:159:4:159:57":29,"s:160:4:160:16":30,"s:168:34:256:1":31,"f:168:34:168:39":1,"s:174:2:255:3":32,"s:176:49:180:15":33,"b:182:4:182:71:undefined:undefined:undefined:undefined":10,"s:182:4:182:71":34,"b:182:8:182:17:182:21:182:30":11,"s:182:32:182:71":35,"b:184:4:186:5:undefined:undefined:undefined:undefined":12,"s:184:4:186:5":36,"s:185:6:185:61":37,"s:189:20:189:49":38,"s:190:23:192:38":39,"b:191:8:191:38:192:8:192:38":13,"s:195:35:198:28":40,"b:200:4:200:39:undefined:undefined:undefined:undefined":14,"s:200:4:200:39":41,"s:200:21:200:39":42,"s:203:4:203:36":43,"s:205:4:208:7":44,"s:211:4:225:9":45,"s:228:34:232:15":46,"b:234:4:245:5:undefined:undefined:undefined:undefined":15,"s:234:4:245:5":47,"b:234:8:234:40:234:44:234:76":16,"s:235:6:238:31":48,"s:240:6:244:8":49,"s:247:4:251:6":50,"s:253:4:253:60":51,"s:254:4:254:16":52,"s:261:33:284:1":53,"f:261:33:261:38":2,"s:262:2:283:3":54,"s:263:28:267:15":55,"b:269:4:279:5:undefined:undefined:undefined:undefined":17,"s:269:4:279:5":56,"s:270:6:278:11":57,"s:282:4:282:78":58,"s:290:28:322:1":59,"f:290:28:290:33":3,"s:291:2:321:3":60,"s:295:28:300:15":61,"b:302:4:302:27:undefined:undefined:undefined:undefined":18,"s:302:4:302:27":62,"s:302:15:302:27":63,"s:305:4:315:9":64,"s:317:4:317:16":65,"s:319:4:319:53":66,"s:320:4:320:16":67,"s:327:33:392:1":68,"f:327:33:327:38":4,"s:328:2:391:3":69,"s:329:53:333:15":70,"b:335:4:335:37:undefined:undefined:undefined:undefined":19,"s:335:4:335:37":71,"s:335:20:335:37":72,"s:338:4:341:31":73,"s:344:4:347:37":74,"s:350:35:353:6":75,"b:355:4:369:5:undefined:undefined:undefined:undefined":20,"s:355:4:369:5":76,"s:356:6:356:70":77,"s:358:32:362:17":78,"s:364:25:364:94":79,"b:364:38:364:62:364:66:364:67":21,"s:365:6:368:46":80,"s:372:4:385:9":81,"s:387:4:387:29":82,"s:389:4:389:56":83,"s:390:4:390:16":84}}}
}
